Build started 9/28/2011 11:56:49 AM.
     1>Project "C:\Users\Mark\Documents\smallptgpu-v1.6\smallptgpu-v1.6.vcxproj" on node 2 (build target(s)).
     1>InitializeBuildStatus:
         Creating "x64\Debug\smallptgpu-v1.6.unsuccessfulbuild" because "AlwaysCreate" was specified.
       ClCompile:
         C:\Program Files (x86)\Microsoft Visual Studio 10.0\VC\bin\x86_amd64\CL.exe /c /I"C:\Users\Mark\Documents\AMD APP\include" /I"C:\Program Files (x86)\AMD APP\include" /Zi /nologo /W3 /WX- /Od /D WIN32 /D _DEBUG /D _CONSOLE /Gm /EHsc /RTC1 /MDd /GS /fp:precise /Zc:wchar_t /Zc:forScope /Fo"x64\Debug\\" /Fd"x64\Debug\vc100.pdb" /Gd /TP /errorReport:prompt /FAu smallptGPU.cpp
         smallptGPU.cpp
       ManifestResourceCompile:
         All outputs are up-to-date.
       Link:
         C:\Program Files (x86)\Microsoft Visual Studio 10.0\VC\bin\x86_amd64\link.exe /ERRORREPORT:PROMPT /OUT:"C:\Users\Mark\Documents\smallptgpu-v1.6\x64\Debug\smallptgpu-v1.6.exe" /INCREMENTAL /NOLOGO /LIBPATH:"C:\Users\Mark\Documents\AMD APP\lib\x86_64" /LIBPATH:"C:\Program Files (x86)\AMD APP\lib\x86_64" OpenCL.lib glut64.lib kernel32.lib user32.lib gdi32.lib winspool.lib comdlg32.lib advapi32.lib shell32.lib ole32.lib oleaut32.lib uuid.lib odbc32.lib odbccp32.lib /MANIFEST /ManifestFile:"x64\Debug\smallptgpu-v1.6.exe.intermediate.manifest" /MANIFESTUAC:"level='asInvoker' uiAccess='false'" /DEBUG /PDB:"C:\Users\Mark\Documents\smallptgpu-v1.6\x64\Debug\smallptgpu-v1.6.pdb" /SUBSYSTEM:CONSOLE /TLBID:1 /DYNAMICBASE /NXCOMPAT /IMPLIB:"C:\Users\Mark\Documents\smallptgpu-v1.6\x64\Debug\smallptgpu-v1.6.lib" /MACHINE:X64 "x64\Debug\smallptgpu-v1.6.exe.embed.manifest.res"
         x64\Debug\displayfunc.obj
         x64\Debug\smallptCPU.obj
         x64\Debug\smallptGPU.obj
         smallptgpu-v1.6.vcxproj -> C:\Users\Mark\Documents\smallptgpu-v1.6\x64\Debug\smallptgpu-v1.6.exe
       Manifest:
         C:\Program Files (x86)\Microsoft SDKs\Windows\v7.0A\bin\mt.exe /nologo /verbose /out:"x64\Debug\smallptgpu-v1.6.exe.embed.manifest" /manifest "x64\Debug\smallptgpu-v1.6.exe.intermediate.manifest"
         All outputs are up-to-date.
       LinkEmbedManifest:
         All outputs are up-to-date.
         smallptgpu-v1.6.vcxproj -> C:\Users\Mark\Documents\smallptgpu-v1.6\x64\Debug\smallptgpu-v1.6.exe
       FinalizeBuildStatus:
         Deleting file "x64\Debug\smallptgpu-v1.6.unsuccessfulbuild".
         Touching "x64\Debug\smallptgpu-v1.6.lastbuildstate".
     1>Done Building Project "C:\Users\Mark\Documents\smallptgpu-v1.6\smallptgpu-v1.6.vcxproj" (build target(s)).

Build succeeded.

Time Elapsed 00:00:00.46
