C:\USERS\MARK\DOCUMENTS\SMALLPTGPU-V1.6\DISPLAYFUNC.ASM
C:\USERS\MARK\DOCUMENTS\SMALLPTGPU-V1.6\SMALLPTCPU.ASM
C:\USERS\MARK\DOCUMENTS\SMALLPTGPU-V1.6\SMALLPTGPU.ASM
C:\Users\Mark\Documents\smallptgpu-v1.6\x64\Debug\cl.command.1.tlog
C:\Users\Mark\Documents\smallptgpu-v1.6\x64\Debug\CL.read.1.tlog
C:\Users\Mark\Documents\smallptgpu-v1.6\x64\Debug\CL.write.1.tlog
C:\USERS\MARK\DOCUMENTS\SMALLPTGPU-V1.6\X64\DEBUG\DISPLAYFUNC.OBJ
C:\Users\Mark\Documents\smallptgpu-v1.6\x64\Debug\link.2932.read.1.tlog
C:\Users\Mark\Documents\smallptgpu-v1.6\x64\Debug\link.2932.write.1.tlog
C:\Users\Mark\Documents\smallptgpu-v1.6\x64\Debug\link.2932-cvtres.read.1.tlog
C:\Users\Mark\Documents\smallptgpu-v1.6\x64\Debug\link.2932-cvtres.write.1.tlog
C:\Users\Mark\Documents\smallptgpu-v1.6\x64\Debug\link.command.1.tlog
C:\Users\Mark\Documents\smallptgpu-v1.6\x64\Debug\link.read.1.tlog
C:\Users\Mark\Documents\smallptgpu-v1.6\x64\Debug\link.write.1.tlog
C:\Users\Mark\Documents\smallptgpu-v1.6\x64\Debug\link-cvtres.read.1.tlog
C:\Users\Mark\Documents\smallptgpu-v1.6\x64\Debug\link-cvtres.write.1.tlog
C:\Users\Mark\Documents\smallptgpu-v1.6\x64\Debug\mt.command.1.tlog
C:\Users\Mark\Documents\smallptgpu-v1.6\x64\Debug\mt.read.1.tlog
C:\Users\Mark\Documents\smallptgpu-v1.6\x64\Debug\mt.write.1.tlog
C:\Users\Mark\Documents\smallptgpu-v1.6\x64\Debug\rc.command.1.tlog
C:\Users\Mark\Documents\smallptgpu-v1.6\x64\Debug\rc.read.1.tlog
C:\Users\Mark\Documents\smallptgpu-v1.6\x64\Debug\rc.write.1.tlog
C:\USERS\MARK\DOCUMENTS\SMALLPTGPU-V1.6\X64\DEBUG\SMALLPTCPU.OBJ
C:\USERS\MARK\DOCUMENTS\SMALLPTGPU-V1.6\X64\DEBUG\SMALLPTGPU.OBJ
C:\USERS\MARK\DOCUMENTS\SMALLPTGPU-V1.6\X64\DEBUG\SMALLPTGPU-V1.6.EXE
C:\USERS\MARK\DOCUMENTS\SMALLPTGPU-V1.6\X64\DEBUG\SMALLPTGPU-V1.6.EXE.EMBED.MANIFEST
C:\USERS\MARK\DOCUMENTS\SMALLPTGPU-V1.6\X64\DEBUG\SMALLPTGPU-V1.6.EXE.EMBED.MANIFEST.RES
C:\USERS\MARK\DOCUMENTS\SMALLPTGPU-V1.6\X64\DEBUG\SMALLPTGPU-V1.6.EXE.INTERMEDIATE.MANIFEST
C:\USERS\MARK\DOCUMENTS\SMALLPTGPU-V1.6\X64\DEBUG\SMALLPTGPU-V1.6.ILK
C:\USERS\MARK\DOCUMENTS\SMALLPTGPU-V1.6\X64\DEBUG\SMALLPTGPU-V1.6.PDB
C:\Users\Mark\Documents\smallptgpu-v1.6\x64\Debug\smallptgpu-v1.6_manifest.rc
C:\Users\Mark\Documents\smallptgpu-v1.6\x64\Debug\vc100.idb
C:\USERS\MARK\DOCUMENTS\SMALLPTGPU-V1.6\X64\DEBUG\VC100.PDB
