Build started 10/29/2011 12:38:17 AM.
     1>Project "C:\Users\Mark\Documents\DevMaster_RayTracing\raytracer3.0.06.no_rec.samp\raytracer.vcxproj" on node 2 (build target(s)).
     1>InitializeBuildStatus:
         Creating "x64\Debug\raytracer.unsuccessfulbuild" because "AlwaysCreate" was specified.
       ClCompile:
         C:\Program Files (x86)\Microsoft Visual Studio 10.0\VC\bin\x86_amd64\CL.exe /c /I"C:\Program Files (x86)\AMD APP\\include" /Zi /nologo /W3 /WX /Od /D WIN32 /D _DEBUG /D _CONSOLE /D _VC80_UPGRADE=0x0600 /D _MBCS /Gm- /EHsc /RTC1 /MTd /GS /Gy- /fp:precise /Zc:wchar_t /Zc:forScope /Fo"x64\Debug\\" /Fd"x64\Debug\vc100.pdb" /Gd /TP /errorReport:prompt /FAu testapp.cpp
         testapp.cpp
       ManifestResourceCompile:
         All outputs are up-to-date.
       Link:
         C:\Program Files (x86)\Microsoft Visual Studio 10.0\VC\bin\x86_amd64\link.exe /ERRORREPORT:PROMPT /OUT:"C:\Users\Mark\Documents\DevMaster_RayTracing\raytracer3.0.06.no_rec.samp\x64\Debug\raytracer.exe" /INCREMENTAL /NOLOGO /LIBPATH:"C:\Program Files (x86)\AMD APP\\lib\x86_64" odbc32.lib odbccp32.lib OpenCL.lib kernel32.lib user32.lib gdi32.lib winspool.lib comdlg32.lib advapi32.lib shell32.lib ole32.lib oleaut32.lib uuid.lib odbc32.lib odbccp32.lib /MANIFEST /ManifestFile:"x64\Debug\raytracer.exe.intermediate.manifest" /MANIFESTUAC:"level='asInvoker' uiAccess='false'" /DEBUG /PDB:"C:\Users\Mark\Documents\DevMaster_RayTracing\raytracer3.0.06.no_rec.samp\x64\Debug\raytracer.pdb" /SUBSYSTEM:CONSOLE /TLBID:1 /DYNAMICBASE /NXCOMPAT /IMPLIB:"C:\Users\Mark\Documents\DevMaster_RayTracing\raytracer3.0.06.no_rec.samp\x64\Debug\raytracer.lib" /MACHINE:X64 x64\Debug\raytracer.exe.embed.manifest.res
         x64\Debug\openCLcode.obj
         x64\Debug\raytracer.obj
         x64\Debug\scene.obj
         x64\Debug\surface.obj
         x64\Debug\testapp.obj
         raytracer.vcxproj -> C:\Users\Mark\Documents\DevMaster_RayTracing\raytracer3.0.06.no_rec.samp\x64\Debug\raytracer.exe
       Manifest:
         C:\Program Files (x86)\Microsoft SDKs\Windows\v7.0A\bin\mt.exe /nologo /verbose /out:"x64\Debug\raytracer.exe.embed.manifest" /manifest x64\Debug\raytracer.exe.intermediate.manifest
         All outputs are up-to-date.
       LinkEmbedManifest:
         All outputs are up-to-date.
         raytracer.vcxproj -> C:\Users\Mark\Documents\DevMaster_RayTracing\raytracer3.0.06.no_rec.samp\x64\Debug\raytracer.exe
       FinalizeBuildStatus:
         Deleting file "x64\Debug\raytracer.unsuccessfulbuild".
         Touching "x64\Debug\raytracer.lastbuildstate".
     1>Done Building Project "C:\Users\Mark\Documents\DevMaster_RayTracing\raytracer3.0.06.no_rec.samp\raytracer.vcxproj" (build target(s)).

Build succeeded.

Time Elapsed 00:00:01.09
