C:\USERS\MARK\DOCUMENTS\DEVMASTER_RAYTRACING\RAYTRACER3.0.04.HALF_REC.SAMP\OPENCLCODE.ASM
C:\USERS\MARK\DOCUMENTS\DEVMASTER_RAYTRACING\RAYTRACER3.0.04.HALF_REC.SAMP\RAYTRACER.ASM
C:\USERS\MARK\DOCUMENTS\DEVMASTER_RAYTRACING\RAYTRACER3.0.04.HALF_REC.SAMP\SCENE.ASM
C:\USERS\MARK\DOCUMENTS\DEVMASTER_RAYTRACING\RAYTRACER3.0.04.HALF_REC.SAMP\SURFACE.ASM
C:\USERS\MARK\DOCUMENTS\DEVMASTER_RAYTRACING\RAYTRACER3.0.04.HALF_REC.SAMP\TESTAPP.ASM
C:\USERS\MARK\DOCUMENTS\DEVMASTER_RAYTRACING\RAYTRACER3.0.04.HALF_REC.SAMP\X64\DEBUG\OPENCLCODE.OBJ
C:\USERS\MARK\DOCUMENTS\DEVMASTER_RAYTRACING\RAYTRACER3.0.04.HALF_REC.SAMP\X64\DEBUG\RAYTRACER.EXE
C:\USERS\MARK\DOCUMENTS\DEVMASTER_RAYTRACING\RAYTRACER3.0.04.HALF_REC.SAMP\X64\DEBUG\RAYTRACER.EXE.EMBED.MANIFEST
C:\USERS\MARK\DOCUMENTS\DEVMASTER_RAYTRACING\RAYTRACER3.0.04.HALF_REC.SAMP\X64\DEBUG\RAYTRACER.EXE.EMBED.MANIFEST.RES
C:\USERS\MARK\DOCUMENTS\DEVMASTER_RAYTRACING\RAYTRACER3.0.04.HALF_REC.SAMP\X64\DEBUG\RAYTRACER.EXE.INTERMEDIATE.MANIFEST
C:\USERS\MARK\DOCUMENTS\DEVMASTER_RAYTRACING\RAYTRACER3.0.04.HALF_REC.SAMP\X64\DEBUG\RAYTRACER.ILK
C:\USERS\MARK\DOCUMENTS\DEVMASTER_RAYTRACING\RAYTRACER3.0.04.HALF_REC.SAMP\X64\DEBUG\RAYTRACER.OBJ
C:\USERS\MARK\DOCUMENTS\DEVMASTER_RAYTRACING\RAYTRACER3.0.04.HALF_REC.SAMP\X64\DEBUG\RAYTRACER.PDB
C:\USERS\MARK\DOCUMENTS\DEVMASTER_RAYTRACING\RAYTRACER3.0.04.HALF_REC.SAMP\X64\DEBUG\SCENE.OBJ
C:\USERS\MARK\DOCUMENTS\DEVMASTER_RAYTRACING\RAYTRACER3.0.04.HALF_REC.SAMP\X64\DEBUG\SURFACE.OBJ
C:\USERS\MARK\DOCUMENTS\DEVMASTER_RAYTRACING\RAYTRACER3.0.04.HALF_REC.SAMP\X64\DEBUG\TESTAPP.OBJ
C:\USERS\MARK\DOCUMENTS\DEVMASTER_RAYTRACING\RAYTRACER3.0.04.HALF_REC.SAMP\X64\DEBUG\VC100.PDB
C:\Users\Mark\Documents\DevMaster_RayTracing\raytracer3.0.05.no_rec.samp\x64\Debug\cl.command.1.tlog
C:\Users\Mark\Documents\DevMaster_RayTracing\raytracer3.0.05.no_rec.samp\x64\Debug\CL.read.1.tlog
C:\Users\Mark\Documents\DevMaster_RayTracing\raytracer3.0.05.no_rec.samp\x64\Debug\CL.write.1.tlog
C:\Users\Mark\Documents\DevMaster_RayTracing\raytracer3.0.05.no_rec.samp\x64\Debug\link.3564.read.1.tlog
C:\Users\Mark\Documents\DevMaster_RayTracing\raytracer3.0.05.no_rec.samp\x64\Debug\link.3564.write.1.tlog
C:\Users\Mark\Documents\DevMaster_RayTracing\raytracer3.0.05.no_rec.samp\x64\Debug\link.3564-cvtres.read.1.tlog
C:\Users\Mark\Documents\DevMaster_RayTracing\raytracer3.0.05.no_rec.samp\x64\Debug\link.3564-cvtres.write.1.tlog
C:\Users\Mark\Documents\DevMaster_RayTracing\raytracer3.0.05.no_rec.samp\x64\Debug\link.command.1.tlog
C:\Users\Mark\Documents\DevMaster_RayTracing\raytracer3.0.05.no_rec.samp\x64\Debug\link.read.1.tlog
C:\Users\Mark\Documents\DevMaster_RayTracing\raytracer3.0.05.no_rec.samp\x64\Debug\link.write.1.tlog
C:\Users\Mark\Documents\DevMaster_RayTracing\raytracer3.0.05.no_rec.samp\x64\Debug\link-cvtres.read.1.tlog
C:\Users\Mark\Documents\DevMaster_RayTracing\raytracer3.0.05.no_rec.samp\x64\Debug\link-cvtres.write.1.tlog
C:\Users\Mark\Documents\DevMaster_RayTracing\raytracer3.0.05.no_rec.samp\x64\Debug\mt.command.1.tlog
C:\Users\Mark\Documents\DevMaster_RayTracing\raytracer3.0.05.no_rec.samp\x64\Debug\mt.read.1.tlog
C:\Users\Mark\Documents\DevMaster_RayTracing\raytracer3.0.05.no_rec.samp\x64\Debug\mt.write.1.tlog
C:\Users\Mark\Documents\DevMaster_RayTracing\raytracer3.0.05.no_rec.samp\x64\Debug\openCLcode.obj
C:\Users\Mark\Documents\DevMaster_RayTracing\raytracer3.0.05.no_rec.samp\x64\Debug\raytracer.exe
C:\Users\Mark\Documents\DevMaster_RayTracing\raytracer3.0.05.no_rec.samp\x64\Debug\raytracer.exe.embed.manifest
C:\Users\Mark\Documents\DevMaster_RayTracing\raytracer3.0.05.no_rec.samp\x64\Debug\raytracer.exe.embed.manifest.res
C:\Users\Mark\Documents\DevMaster_RayTracing\raytracer3.0.05.no_rec.samp\x64\Debug\raytracer.exe.intermediate.manifest
C:\Users\Mark\Documents\DevMaster_RayTracing\raytracer3.0.05.no_rec.samp\x64\Debug\raytracer.ilk
C:\Users\Mark\Documents\DevMaster_RayTracing\raytracer3.0.05.no_rec.samp\x64\Debug\raytracer.obj
C:\Users\Mark\Documents\DevMaster_RayTracing\raytracer3.0.05.no_rec.samp\x64\Debug\raytracer.pdb
C:\Users\Mark\Documents\DevMaster_RayTracing\raytracer3.0.05.no_rec.samp\x64\Debug\raytracer_manifest.rc
C:\Users\Mark\Documents\DevMaster_RayTracing\raytracer3.0.05.no_rec.samp\x64\Debug\rc.command.1.tlog
C:\Users\Mark\Documents\DevMaster_RayTracing\raytracer3.0.05.no_rec.samp\x64\Debug\rc.read.1.tlog
C:\Users\Mark\Documents\DevMaster_RayTracing\raytracer3.0.05.no_rec.samp\x64\Debug\rc.write.1.tlog
C:\Users\Mark\Documents\DevMaster_RayTracing\raytracer3.0.05.no_rec.samp\x64\Debug\scene.obj
C:\Users\Mark\Documents\DevMaster_RayTracing\raytracer3.0.05.no_rec.samp\x64\Debug\surface.obj
C:\Users\Mark\Documents\DevMaster_RayTracing\raytracer3.0.05.no_rec.samp\x64\Debug\testapp.obj
C:\Users\Mark\Documents\DevMaster_RayTracing\raytracer3.0.05.no_rec.samp\x64\Debug\vc100.pdb
