Build started 9/25/2011 4:42:08 PM.
     1>Project "C:\Users\Mark\Documents\smallptgpu-v1.6\smallptgpu-v1.6.vcxproj" on node 2 (rebuild target(s)).
     1>_PrepareForClean:
         Deleting file "Debug\smallptgpu-v1.6.lastbuildstate".
       InitializeBuildStatus:
         Touching "Debug\smallptgpu-v1.6.unsuccessfulbuild".
       ClCompile:
         C:\Program Files (x86)\Microsoft Visual Studio 10.0\VC\bin\CL.exe /c /I"C:\Users\Mark\Documents\AMD APP\include" /I"C:\Program Files (x86)\AMD APP\include" /Zi /nologo /W3 /WX- /Od /Oy- /D WIN32 /D _DEBUG /D _CONSOLE /Gm /EHsc /RTC1 /MDd /GS /fp:precise /Zc:wchar_t /Zc:forScope /Fo"Debug\\" /Fd"Debug\vc100.pdb" /Gd /TP /analyze- /errorReport:prompt /FAu displayfunc.cpp smallptCPU.cpp smallptGPU.cpp
         smallptGPU.cpp
         smallptCPU.cpp
         displayfunc.cpp
         Generating Code...
       ManifestResourceCompile:
         C:\Program Files (x86)\Microsoft SDKs\Windows\v7.0A\bin\rc.exe /nologo /fo"Debug\smallptgpu-v1.6.exe.embed.manifest.res" Debug\smallptgpu-v1.6_manifest.rc 
       Link:
         C:\Program Files (x86)\Microsoft Visual Studio 10.0\VC\bin\link.exe /ERRORREPORT:PROMPT /OUT:"C:\Users\Mark\Documents\smallptgpu-v1.6\Debug\smallptgpu-v1.6.exe" /INCREMENTAL /NOLOGO /LIBPATH:"C:\Users\Mark\Documents\AMD APP\lib\x86_64" /LIBPATH:"C:\Program Files (x86)\AMD APP\lib\x86_64" OpenCL.lib glut64.lib kernel32.lib user32.lib gdi32.lib winspool.lib comdlg32.lib advapi32.lib shell32.lib ole32.lib oleaut32.lib uuid.lib odbc32.lib odbccp32.lib /MANIFEST /ManifestFile:"Debug\smallptgpu-v1.6.exe.intermediate.manifest" /MANIFESTUAC:"level='asInvoker' uiAccess='false'" /DEBUG /PDB:"C:\Users\Mark\Documents\smallptgpu-v1.6\Debug\smallptgpu-v1.6.pdb" /SUBSYSTEM:CONSOLE /TLBID:1 /DYNAMICBASE /NXCOMPAT /IMPLIB:"C:\Users\Mark\Documents\smallptgpu-v1.6\Debug\smallptgpu-v1.6.lib" /MACHINE:X86 "Debug\smallptgpu-v1.6.exe.embed.manifest.res"
         Debug\displayfunc.obj
         Debug\smallptCPU.obj
         Debug\smallptGPU.obj
     1>LINK : fatal error LNK1104: cannot open file 'glut32.lib'
     1>Done Building Project "C:\Users\Mark\Documents\smallptgpu-v1.6\smallptgpu-v1.6.vcxproj" (rebuild target(s)) -- FAILED.

Build FAILED.

Time Elapsed 00:00:00.84
