C:\Users\Mark\Documents\smallptgpu-v1.6\Debug\cl.command.1.tlog
C:\Users\Mark\Documents\smallptgpu-v1.6\Debug\CL.read.1.tlog
C:\Users\Mark\Documents\smallptgpu-v1.6\Debug\CL.write.1.tlog
C:\USERS\MARK\DOCUMENTS\SMALLPTGPU-V1.6\DEBUG\DISPLAYFUNC.OBJ
C:\Users\Mark\Documents\smallptgpu-v1.6\Debug\link.command.1.tlog
C:\Users\Mark\Documents\smallptgpu-v1.6\Debug\link.read.1.tlog
C:\Users\Mark\Documents\smallptgpu-v1.6\Debug\link.write.1.tlog
C:\Users\Mark\Documents\smallptgpu-v1.6\Debug\rc.command.1.tlog
C:\Users\Mark\Documents\smallptgpu-v1.6\Debug\rc.read.1.tlog
C:\Users\Mark\Documents\smallptgpu-v1.6\Debug\rc.write.1.tlog
C:\USERS\MARK\DOCUMENTS\SMALLPTGPU-V1.6\DEBUG\SMALLPTCPU.OBJ
C:\USERS\MARK\DOCUMENTS\SMALLPTGPU-V1.6\DEBUG\SMALLPTGPU.OBJ
C:\Users\Mark\Documents\smallptgpu-v1.6\Debug\smallptgpu-v1.6.exe.embed.manifest
C:\USERS\MARK\DOCUMENTS\SMALLPTGPU-V1.6\DEBUG\SMALLPTGPU-V1.6.EXE.EMBED.MANIFEST.RES
C:\Users\Mark\Documents\smallptgpu-v1.6\Debug\smallptgpu-v1.6_manifest.rc
C:\Users\Mark\Documents\smallptgpu-v1.6\Debug\vc100.idb
C:\USERS\MARK\DOCUMENTS\SMALLPTGPU-V1.6\DEBUG\VC100.PDB
C:\USERS\MARK\DOCUMENTS\SMALLPTGPU-V1.6\DISPLAYFUNC.ASM
C:\USERS\MARK\DOCUMENTS\SMALLPTGPU-V1.6\SMALLPTCPU.ASM
C:\USERS\MARK\DOCUMENTS\SMALLPTGPU-V1.6\SMALLPTGPU.ASM
